<?xml version="1.0" encoding="UTF-8"?>
<testng-results skipped="0" failed="0" ignored="0" total="1" passed="1">
  <reporter-output>
  </reporter-output>
  <suite name="Default suite" duration-ms="18231" started-at="2021-09-25T11:02:54 EDT" finished-at="2021-09-25T11:03:12 EDT">
    <groups>
    </groups>
    <test name="Default test" duration-ms="18231" started-at="2021-09-25T11:02:54 EDT" finished-at="2021-09-25T11:03:12 EDT">
      <class name="org.mma.training.java.selenium.tricentis.TestTricentis">
        <test-method status="PASS" signature="StartBrowser()[pri:0, instance:org.mma.training.java.selenium.tricentis.TestTricentis@1786f9d5]" name="StartBrowser" is-config="true" duration-ms="13170" started-at="2021-09-25T11:02:54 EDT" finished-at="2021-09-25T11:03:07 EDT">
          <reporter-output>
          </reporter-output>
        </test-method> <!-- StartBrowser -->
        <test-method status="PASS" signature="startApp()[pri:0, instance:org.mma.training.java.selenium.tricentis.TestTricentis@1786f9d5]" name="startApp" duration-ms="4160" started-at="2021-09-25T11:03:07 EDT" finished-at="2021-09-25T11:03:11 EDT">
          <reporter-output>
          </reporter-output>
        </test-method> <!-- startApp -->
        <test-method status="PASS" signature="tearDownMethod(org.testng.ITestResult)[pri:0, instance:org.mma.training.java.selenium.tricentis.TestTricentis@1786f9d5]" name="tearDownMethod" is-config="true" duration-ms="3" started-at="2021-09-25T11:03:11 EDT" finished-at="2021-09-25T11:03:11 EDT">
          <params>
            <param index="0">
              <value>
                <![CDATA[[TestResult name=startApp status=SUCCESS method=TestTricentis.startApp()[pri:0, instance:org.mma.training.java.selenium.tricentis.TestTricentis@1786f9d5] output={null}]]]>
              </value>
            </param>
          </params>
          <reporter-output>
          </reporter-output>
        </test-method> <!-- tearDownMethod -->
        <test-method status="PASS" signature="CloseBrowser()[pri:0, instance:org.mma.training.java.selenium.tricentis.TestTricentis@1786f9d5]" name="CloseBrowser" is-config="true" duration-ms="833" started-at="2021-09-25T11:03:11 EDT" finished-at="2021-09-25T11:03:12 EDT">
          <reporter-output>
          </reporter-output>
        </test-method> <!-- CloseBrowser -->
      </class> <!-- org.mma.training.java.selenium.tricentis.TestTricentis -->
    </test> <!-- Default test -->
  </suite> <!-- Default suite -->
</testng-results>
